  main.cpp
d:\temp\new folder\cal_evac\calevac\calevac\main.cpp(124): warning C4244: 'argument': conversion from '__int64' to 'const int', possible loss of data
d:\temp\new folder\cal_evac\calevac\calevac\main.cpp(125): warning C4244: 'argument': conversion from '__int64' to 'const int', possible loss of data
d:\temp\new folder\cal_evac\calevac\calevac\main.cpp(126): warning C4244: 'argument': conversion from '__int64' to 'const int', possible loss of data
d:\temp\new folder\cal_evac\calevac\calevac\main.cpp(127): warning C4244: 'argument': conversion from '__int64' to 'const int', possible loss of data
d:\temp\new folder\cal_evac\calevac\calevac\main.cpp(128): warning C4244: 'argument': conversion from '__int64' to 'const int', possible loss of data
d:\temp\new folder\cal_evac\calevac\calevac\main.cpp(131): warning C4244: '=': conversion from '__int64' to 'int', possible loss of data
d:\temp\new folder\cal_evac\calevac\calevac\main.cpp(100): warning C4101: 'v2': unreferenced local variable
d:\temp\new folder\cal_evac\calevac\calevac\main.cpp(101): warning C4101: 'e': unreferenced local variable
d:\temp\new folder\cal_evac\calevac\calevac\main.cpp(100): warning C4101: 'v1': unreferenced local variable
c:\program files (x86)\microsoft visual studio 14.0\vc\include\utility(172): warning C4244: 'initializing': conversion from '__int64' to 'int', possible loss of data
  d:\temp\new folder\cal_evac\calevac\calevac\main.cpp(52): note: see reference to function template instantiation 'std::pair<int,Position>::pair<__int64&,Position&,void,0>(_Other1,_Other2) noexcept' being compiled
          with
          [
              _Other1=__int64 &,
              _Other2=Position &
          ]
  d:\temp\new folder\cal_evac\calevac\calevac\main.cpp(52): note: see reference to function template instantiation 'std::pair<int,Position>::pair<__int64&,Position&,void,0>(_Other1,_Other2) noexcept' being compiled
          with
          [
              _Other1=__int64 &,
              _Other2=Position &
          ]
  calevac.vcxproj -> D:\Temp\New folder\CAL_EVAC\calevac\x64\Debug\calevac.exe
  calevac.vcxproj -> D:\Temp\New folder\CAL_EVAC\calevac\x64\Debug\calevac.pdb (Full PDB)
