  main.cpp
c:\program files (x86)\microsoft visual studio 14.0\vc\include\tuple(1180): error C2512: 'Vertex<Position>::Vertex': no appropriate default constructor available
  c:\program files (x86)\microsoft visual studio 14.0\vc\include\tuple(1196): note: see reference to function template instantiation 'std::pair<const _Kty,_Ty>::pair<std::tuple<const int &>,std::tuple<>,0,>(_Tuple1 &,_Tuple2 &,std::integer_sequence<unsigned int,0>,std::integer_sequence<std::size_t>)' being compiled
          with
          [
              _Kty=int,
              _Ty=Vertex<Position>,
              _Tuple1=std::tuple<const int &>,
              _Tuple2=std::tuple<>
          ]
  c:\program files (x86)\microsoft visual studio 14.0\vc\include\tuple(1193): note: see reference to function template instantiation 'std::pair<const _Kty,_Ty>::pair<std::tuple<const int &>,std::tuple<>,0,>(_Tuple1 &,_Tuple2 &,std::integer_sequence<unsigned int,0>,std::integer_sequence<std::size_t>)' being compiled
          with
          [
              _Kty=int,
              _Ty=Vertex<Position>,
              _Tuple1=std::tuple<const int &>,
              _Tuple2=std::tuple<>
          ]
  c:\program files (x86)\microsoft visual studio 14.0\vc\include\xmemory0(737): note: see reference to function template instantiation 'std::pair<const _Kty,_Ty>::pair<const int&,>(std::piecewise_construct_t,std::tuple<const int &>,std::tuple<>)' being compiled
          with
          [
              _Kty=int,
              _Ty=Vertex<Position>
          ]
  c:\program files (x86)\microsoft visual studio 14.0\vc\include\xmemory0(737): note: see reference to function template instantiation 'std::pair<const _Kty,_Ty>::pair<const int&,>(std::piecewise_construct_t,std::tuple<const int &>,std::tuple<>)' being compiled
          with
          [
              _Kty=int,
              _Ty=Vertex<Position>
          ]
  c:\program files (x86)\microsoft visual studio 14.0\vc\include\xmemory0(857): note: see reference to function template instantiation 'void std::allocator<_Other>::construct<_Objty,const std::piecewise_construct_t&,_Ty,std::tuple<>>(_Objty *,const std::piecewise_construct_t &,_Ty &&,std::tuple<> &&)' being compiled
          with
          [
              _Other=std::_Tree_node<std::pair<const int,Vertex<Position>>,void *>,
              _Objty=std::pair<const int,Vertex<Position>>,
              _Ty=std::tuple<const int &>
          ]
  c:\program files (x86)\microsoft visual studio 14.0\vc\include\xmemory0(857): note: see reference to function template instantiation 'void std::allocator<_Other>::construct<_Objty,const std::piecewise_construct_t&,_Ty,std::tuple<>>(_Objty *,const std::piecewise_construct_t &,_Ty &&,std::tuple<> &&)' being compiled
          with
          [
              _Other=std::_Tree_node<std::pair<const int,Vertex<Position>>,void *>,
              _Objty=std::pair<const int,Vertex<Position>>,
              _Ty=std::tuple<const int &>
          ]
  c:\program files (x86)\microsoft visual studio 14.0\vc\include\xmemory0(996): note: see reference to function template instantiation 'void std::allocator_traits<_Alloc>::construct<_Ty,const std::piecewise_construct_t&,std::tuple<const int &>,std::tuple<>>(std::allocator<_Other> &,_Objty *,const std::piecewise_construct_t &,std::tuple<const int &> &&,std::tuple<> &&)' being compiled
          with
          [
              _Alloc=std::allocator<std::_Tree_node<std::pair<const int,Vertex<Position>>,void *>>,
              _Ty=std::pair<const int,Vertex<Position>>,
              _Other=std::_Tree_node<std::pair<const int,Vertex<Position>>,void *>,
              _Objty=std::pair<const int,Vertex<Position>>
          ]
  c:\program files (x86)\microsoft visual studio 14.0\vc\include\xmemory0(995): note: see reference to function template instantiation 'void std::allocator_traits<_Alloc>::construct<_Ty,const std::piecewise_construct_t&,std::tuple<const int &>,std::tuple<>>(std::allocator<_Other> &,_Objty *,const std::piecewise_construct_t &,std::tuple<const int &> &&,std::tuple<> &&)' being compiled
          with
          [
              _Alloc=std::allocator<std::_Tree_node<std::pair<const int,Vertex<Position>>,void *>>,
              _Ty=std::pair<const int,Vertex<Position>>,
              _Other=std::_Tree_node<std::pair<const int,Vertex<Position>>,void *>,
              _Objty=std::pair<const int,Vertex<Position>>
          ]
  c:\program files (x86)\microsoft visual studio 14.0\vc\include\xtree(889): note: see reference to function template instantiation 'void std::_Wrap_alloc<std::allocator<_Other>>::construct<_Ty,const std::piecewise_construct_t&,std::tuple<const int &>,std::tuple<>>(_Ty *,const std::piecewise_construct_t &,std::tuple<const int &> &&,std::tuple<> &&)' being compiled
          with
          [
              _Other=std::_Tree_node<std::pair<const int,Vertex<Position>>,void *>,
              _Ty=std::pair<const int,Vertex<Position>>
          ]
  c:\program files (x86)\microsoft visual studio 14.0\vc\include\xtree(887): note: see reference to function template instantiation 'void std::_Wrap_alloc<std::allocator<_Other>>::construct<_Ty,const std::piecewise_construct_t&,std::tuple<const int &>,std::tuple<>>(_Ty *,const std::piecewise_construct_t &,std::tuple<const int &> &&,std::tuple<> &&)' being compiled
          with
          [
              _Other=std::_Tree_node<std::pair<const int,Vertex<Position>>,void *>,
              _Ty=std::pair<const int,Vertex<Position>>
          ]
  c:\program files (x86)\microsoft visual studio 14.0\vc\include\xtree(1084): note: see reference to function template instantiation 'std::_Tree_node<std::pair<const _Kty,_Ty>,void *> *std::_Tree_comp_alloc<_Traits>::_Buynode<const std::piecewise_construct_t&,std::tuple<const int &>,std::tuple<>>(const std::piecewise_construct_t &,std::tuple<const int &> &&,std::tuple<> &&)' being compiled
          with
          [
              _Kty=int,
              _Ty=Vertex<Position>,
              _Traits=std::_Tmap_traits<int,Vertex<Position>,std::less<int>,std::allocator<std::pair<const int,Vertex<Position>>>,false>
          ]
  c:\program files (x86)\microsoft visual studio 14.0\vc\include\xtree(1084): note: see reference to function template instantiation 'std::_Tree_node<std::pair<const _Kty,_Ty>,void *> *std::_Tree_comp_alloc<_Traits>::_Buynode<const std::piecewise_construct_t&,std::tuple<const int &>,std::tuple<>>(const std::piecewise_construct_t &,std::tuple<const int &> &&,std::tuple<> &&)' being compiled
          with
          [
              _Kty=int,
              _Ty=Vertex<Position>,
              _Traits=std::_Tmap_traits<int,Vertex<Position>,std::less<int>,std::allocator<std::pair<const int,Vertex<Position>>>,false>
          ]
  c:\program files (x86)\microsoft visual studio 14.0\vc\include\map(213): note: see reference to function template instantiation 'std::_Tree_iterator<std::_Tree_val<std::_Tree_simple_types<std::pair<const _Kty,_Ty>>>> std::_Tree<std::_Tmap_traits<_Kty,_Ty,_Pr,_Alloc,false>>::emplace_hint<const std::piecewise_construct_t&,std::tuple<const int &>,std::tuple<>>(std::_Tree_const_iterator<std::_Tree_val<std::_Tree_simple_types<std::pair<const _Kty,_Ty>>>>,const std::piecewise_construct_t &,std::tuple<const int &> &&,std::tuple<> &&)' being compiled
          with
          [
              _Kty=int,
              _Ty=Vertex<Position>,
              _Pr=std::less<int>,
              _Alloc=std::allocator<std::pair<const int,Vertex<Position>>>
          ]
  c:\program files (x86)\microsoft visual studio 14.0\vc\include\map(213): note: see reference to function template instantiation 'std::_Tree_iterator<std::_Tree_val<std::_Tree_simple_types<std::pair<const _Kty,_Ty>>>> std::_Tree<std::_Tmap_traits<_Kty,_Ty,_Pr,_Alloc,false>>::emplace_hint<const std::piecewise_construct_t&,std::tuple<const int &>,std::tuple<>>(std::_Tree_const_iterator<std::_Tree_val<std::_Tree_simple_types<std::pair<const _Kty,_Ty>>>>,const std::piecewise_construct_t &,std::tuple<const int &> &&,std::tuple<> &&)' being compiled
          with
          [
              _Kty=int,
              _Ty=Vertex<Position>,
              _Pr=std::less<int>,
              _Alloc=std::allocator<std::pair<const int,Vertex<Position>>>
          ]
  c:\program files (x86)\microsoft visual studio 14.0\vc\include\map(229): note: see reference to function template instantiation 'std::pair<std::_Tree_iterator<std::_Tree_val<std::_Tree_simple_types<std::pair<const _Kty,_Ty>>>>,bool> std::map<_Kty,_Ty,std::less<int>,std::allocator<std::pair<const _Kty,_Ty>>>::_Try_emplace<const int&,>(_Keyty)' being compiled
          with
          [
              _Kty=int,
              _Ty=Vertex<Position>,
              _Keyty=const int &
          ]
  c:\program files (x86)\microsoft visual studio 14.0\vc\include\map(229): note: see reference to function template instantiation 'std::pair<std::_Tree_iterator<std::_Tree_val<std::_Tree_simple_types<std::pair<const _Kty,_Ty>>>>,bool> std::map<_Kty,_Ty,std::less<int>,std::allocator<std::pair<const _Kty,_Ty>>>::_Try_emplace<const int&,>(_Keyty)' being compiled
          with
          [
              _Kty=int,
              _Ty=Vertex<Position>,
              _Keyty=const int &
          ]
  c:\program files (x86)\microsoft visual studio 14.0\vc\include\map(338): note: see reference to function template instantiation 'std::pair<std::_Tree_iterator<std::_Tree_val<std::_Tree_simple_types<std::pair<const _Kty,_Ty>>>>,bool> std::map<_Kty,_Ty,std::less<int>,std::allocator<std::pair<const _Kty,_Ty>>>::try_emplace<>(const int &)' being compiled
          with
          [
              _Kty=int,
              _Ty=Vertex<Position>
          ]
  c:\program files (x86)\microsoft visual studio 14.0\vc\include\map(338): note: see reference to function template instantiation 'std::pair<std::_Tree_iterator<std::_Tree_val<std::_Tree_simple_types<std::pair<const _Kty,_Ty>>>>,bool> std::map<_Kty,_Ty,std::less<int>,std::allocator<std::pair<const _Kty,_Ty>>>::try_emplace<>(const int &)' being compiled
          with
          [
              _Kty=int,
              _Ty=Vertex<Position>
          ]
  c:\program files (x86)\microsoft visual studio 14.0\vc\include\map(337): note: while compiling class template member function 'Vertex<Position> &std::map<int,Vertex<Position>,std::less<int>,std::allocator<std::pair<const _Kty,_Ty>>>::operator [](const int &)'
          with
          [
              _Kty=int,
              _Ty=Vertex<Position>
          ]
  d:\temp\calevac\calevac\main.cpp(41): note: see reference to function template instantiation 'Vertex<Position> &std::map<int,Vertex<Position>,std::less<int>,std::allocator<std::pair<const _Kty,_Ty>>>::operator [](const int &)' being compiled
          with
          [
              _Kty=int,
              _Ty=Vertex<Position>
          ]
  d:\temp\calevac\calevac\main.cpp(12): note: see reference to class template instantiation 'std::map<int,Vertex<Position>,std::less<int>,std::allocator<std::pair<const _Kty,_Ty>>>' being compiled
          with
          [
              _Kty=int,
              _Ty=Vertex<Position>
          ]
